#-----------------------------------------------------------
# Webtalk v2018.3 (64-bit)
# SW Build 2405991 on Thu Dec  6 23:38:27 MST 2018
# 
# Start of session at: Mon Jun 30 15:58:59 2025
# Process ID: 14248
# Current directory: C:/Users/USER/Downloads/Projet_sobel_lena/Projet_sobel_lena/lena_vivado/lena_vivado.sdk/webtalk
# Command line: wbtcv.exe -mode batch -source sdk_webtalk.tcl
# Log file: C:/Users/USER/Downloads/Projet_sobel_lena/Projet_sobel_lena/lena_vivado/lena_vivado.sdk/webtalk/webtalk.log
# Journal file: C:/Users/USER/Downloads/Projet_sobel_lena/Projet_sobel_lena/lena_vivado/lena_vivado.sdk/webtalk\webtalk.jou
#-----------------------------------------------------------
source sdk_webtalk.tcl
# webtalk_init -webtalk_dir C:\\Users\\USER\\Downloads\\Projet_sobel_lena\\Projet_sobel_lena\\lena_vivado\\lena_vivado.sdk\\webtalk
# webtalk_register_client -client project
# webtalk_add_data -client project -key date_generated -value "2025-06-30 15:58:05" -context "software_version_and_target_device"
# webtalk_add_data -client project -key product_version -value "SDK v2018.3" -context "software_version_and_target_device"
# webtalk_add_data -client project -key build_version -value "2018.3" -context "software_version_and_target_device"
# webtalk_add_data -client project -key os_platform -value "amd64" -context "software_version_and_target_device"
# webtalk_add_data -client project -key registration_id -value "213002926_0_0_104" -context "software_version_and_target_device"
# webtalk_add_data -client project -key tool_flow -value "SDK" -context "software_version_and_target_device"
# webtalk_add_data -client project -key beta -value "false" -context "software_version_and_target_device"
# webtalk_add_data -client project -key route_design -value "NA" -context "software_version_and_target_device"
# webtalk_add_data -client project -key target_family -value "NA" -context "software_version_and_target_device"
# webtalk_add_data -client project -key target_device -value "NA" -context "software_version_and_target_device"
# webtalk_add_data -client project -key target_package -value "NA" -context "software_version_and_target_device"
# webtalk_add_data -client project -key target_speed -value "NA" -context "software_version_and_target_device"
# webtalk_add_data -client project -key random_id -value "dc2b9de80jvk8tacfgvjukmj96" -context "software_version_and_target_device"
# webtalk_add_data -client project -key project_id -value "2018.3_22" -context "software_version_and_target_device"
# webtalk_add_data -client project -key project_iteration -value "22" -context "software_version_and_target_device"
# webtalk_add_data -client project -key os_name -value "Microsoft Windows 8 or later , 64-bit" -context "user_environment"
# webtalk_add_data -client project -key os_release -value "major release  (build 9200)" -context "user_environment"
# webtalk_add_data -client project -key cpu_name -value "13th Gen Intel(R) Core(TM) i5-13420H" -context "user_environment"
# webtalk_add_data -client project -key cpu_speed -value "2611 MHz" -context "user_environment"
# webtalk_add_data -client project -key total_processors -value "1" -context "user_environment"
# webtalk_add_data -client project -key system_ram -value "16.869 GB" -context "user_environment"
# webtalk_register_client -client sdk
# webtalk_add_data -client sdk -key uid -value "1748855583497" -context "sdk\\\\hardware/1748855583497"
# webtalk_add_data -client sdk -key isZynq -value "true" -context "sdk\\\\hardware/1748855583497"
# webtalk_add_data -client sdk -key isZynqMP -value "false" -context "sdk\\\\hardware/1748855583497"
# webtalk_add_data -client sdk -key Processors -value "2" -context "sdk\\\\hardware/1748855583497"
# webtalk_add_data -client sdk -key VivadoVersion -value "2018.3" -context "sdk\\\\hardware/1748855583497"
# webtalk_add_data -client sdk -key Arch -value "zynq" -context "sdk\\\\hardware/1748855583497"
# webtalk_add_data -client sdk -key Device -value "7z020" -context "sdk\\\\hardware/1748855583497"
# webtalk_add_data -client sdk -key IsHandoff -value "true" -context "sdk\\\\hardware/1748855583497"
# webtalk_add_data -client sdk -key os -value "NA" -context "sdk\\\\hardware/1748855583497"
# webtalk_add_data -client sdk -key apptemplate -value "NA" -context "sdk\\\\hardware/1748855583497"
# webtalk_add_data -client sdk -key RecordType -value "HWCreation" -context "sdk\\\\hardware/1748855583497"
# webtalk_add_data -client sdk -key uid -value "NA" -context "sdk\\\\bsp/1751295485339"
# webtalk_add_data -client sdk -key RecordType -value "ToolUsage" -context "sdk\\\\bsp/1751295485339"
# webtalk_add_data -client sdk -key BootgenCount -value "0" -context "sdk\\\\bsp/1751295485339"
# webtalk_add_data -client sdk -key DebugCount -value "0" -context "sdk\\\\bsp/1751295485339"
# webtalk_add_data -client sdk -key PerfCount -value "0" -context "sdk\\\\bsp/1751295485339"
# webtalk_add_data -client sdk -key FlashCount -value "0" -context "sdk\\\\bsp/1751295485339"
# webtalk_add_data -client sdk -key CrossTriggCount -value "0" -context "sdk\\\\bsp/1751295485339"
# webtalk_add_data -client sdk -key QemuDebugCount -value "0" -context "sdk\\\\bsp/1751295485339"
# webtalk_transmit -clientid 1061801246 -regid "213002926_0_0_104" -xml C:\\Users\\USER\\Downloads\\Projet_sobel_lena\\Projet_sobel_lena\\lena_vivado\\lena_vivado.sdk\\webtalk\\usage_statistics_ext_sdk.xml -html C:\\Users\\USER\\Downloads\\Projet_sobel_lena\\Projet_sobel_lena\\lena_vivado\\lena_vivado.sdk\\webtalk\\usage_statistics_ext_sdk.html -wdm C:\\Users\\USER\\Downloads\\Projet_sobel_lena\\Projet_sobel_lena\\lena_vivado\\lena_vivado.sdk\\webtalk\\sdk_webtalk.wdm -intro "<H3>SDK Usage Report</H3><BR>"
# webtalk_terminate
INFO: [Common 17-206] Exiting Webtalk at Mon Jun 30 15:59:15 2025...
